<?xml version="1.0" encoding="UTF-8"?>
<!DOCTYPE suite SYSTEM "http://testng.org/testng-1.0.dtd" >
<suite name="REGRESSION_TEST_SUITE">

<listeners>
	<listener class-name="src.main.java.utils.TestAllureListener"></>
</listeners>
 
  <test name="Main_Page_Regression_Chrome">
  <parameter name="browserName" value ="chrome"/>
  <groups>
	<define name="all">
		<include name="mainPage_menu_smoke"></include>
		<include name="mainPage_search_smoke"></include>
		<include name="mainPage_menu_functional"></include>
		<include name="mainPage_menu_regression"></include>
	</define>
	<define name="mainpage">
		<include name="mainPage_menu_regression"></include>
	</define>
	<define name="stayspage">
		<include name="staysPage_menu_regression"></include>
	</define>
	<run>
		<include name="all"></include>
	</run>
</groups>
    <classes>
      <class name="tests.MainPageTest"/>
    </classes>
    </test>
</suite> 
