<?xml version="1.0" encoding="UTF-8"?>
<!DOCTYPE suite SYSTEM "http://testng.org/testng-1.0.dtd" >
<suite name="SMOKE-TEST-SUITE">
  <test name="MainPageSmokeTestChromeBrowser">
  <parameter name="browserName" value ="chrome"/>
  <groups>
	<define name="all">
		<include name="mainPageSmoke"></include>
	</define>
	<run>
		<include name="all"></include>
	</run>
	</groups>
	    <classes>
	      <class name="tests.MainPageTest"/>
	    </classes>
    </test>
</suite>