<?xml version="1.0" encoding="UTF-8"?>
<!DOCTYPE suite SYSTEM "http://testng.org/testng-1.0.dtd" >
<suite name="PARALLEL_TEST_SUITE" parallel="tests" thread-count="2" verbose="3">
 
<listeners>
	<listener class-name="utils.ExtentReportListener"></listener>
</listeners>

  <!--  Start First Test -->
  
  <test name="Main_Page_Parallel_Chrome" parallel="methods" thread-count="5">
  <parameter name="browserName" value ="chrome"/>
    <classes>
      <class name="tests.MainPageTest"/>
        
    </classes>
    </test>
     
 <!--  Start Second Test -->     
    <test name="Main_Page_Parallel_Firefox" parallel="methods" thread-count="5">
     <parameter name="browserName" value="firefox"/>
    <classes>
      <class name="tests.MainPageTest"/>
          </classes>
    </test>
</suite> 
