<?xml version="1.0" encoding="UTF-8"?>
<!-- Generated by org.testng.reporters.JUnitReportReporter -->
<testsuite skipped="3" hostname="FalcoConstantin" name="tests.MainPageTest" tests="7" failures="0" timestamp="2019-11-17T13:00:07 EET" time="135.676" errors="0">
  <testcase name="mainPageMenuTest_SMOKE" time="24.989" classname="tests.MainPageTest"/>
  <testcase name="mainPageStaysSearchTest_SMOKE" time="11.696" classname="tests.MainPageTest"/>
  <testcase name="mainPageMenuTest_FUNCTIONAL" time="25.057" classname="tests.MainPageTest"/>
  <testcase name="mainPageSearchModuleTest_REGRESSION" time="73.934" classname="tests.MainPageTest"/>
  <testcase name="test" classname="tests.MainPageTest">
    <skipped/>
  </testcase> <!-- test -->
  <testcase name="keys" classname="tests.MainPageTest">
    <skipped/>
  </testcase> <!-- keys -->
  <testcase name="mainPageTest" classname="tests.MainPageTest">
    <skipped/>
  </testcase> <!-- mainPageTest -->
</testsuite> <!-- tests.MainPageTest -->
