<?xml version="1.0" encoding="UTF-8"?>
<!-- Generated by org.testng.reporters.JUnitReportReporter -->
<testsuite skipped="3" hostname="FalcoConstantin" name="tests.MainPageTest" tests="4" failures="0" timestamp="2019-11-26T22:04:11 EET" time="26.017" errors="0">
  <testcase name="mainPageMenuTest_FUNCTIONAL" time="26.017" classname="tests.MainPageTest"/>
  <testcase name="test" classname="tests.MainPageTest">
    <skipped/>
  </testcase> <!-- test -->
  <testcase name="keys" classname="tests.MainPageTest">
    <skipped/>
  </testcase> <!-- keys -->
  <testcase name="mainPageTest" classname="tests.MainPageTest">
    <skipped/>
  </testcase> <!-- mainPageTest -->
</testsuite> <!-- tests.MainPageTest -->
