<?xml version="1.0" encoding="UTF-8"?>
<!-- Generated by org.testng.reporters.JUnitReportReporter -->
<testsuite skipped="1" hostname="FalcoConstantin" name="tests.MainPageTest" tests="2" failures="0" timestamp="2019-11-09T12:54:26 EET" time="7.682" errors="0">
  <testcase name="mainPageTest" time="7.682" classname="tests.MainPageTest"/>
  <testcase name="mainMenuTest_SMOKE" classname="tests.MainPageTest">
    <skipped/>
  </testcase> <!-- mainMenuTest_SMOKE -->
</testsuite> <!-- tests.MainPageTest -->
