<?xml version="1.0" encoding="UTF-8"?>
<!-- Generated by org.testng.reporters.JUnitReportReporter -->
<testsuite skipped="0" hostname="FalcoConstantin" name="tests.MainPageTest" tests="2" failures="0" timestamp="2020-02-25T23:42:15 EET" time="63.290" errors="0">
  <testcase name="mainPageMenuTestSmoke" time="29.363" classname="tests.MainPageTest"/>
  <testcase name="mainPageStaysSearchTestSmoke" time="33.927" classname="tests.MainPageTest"/>
</testsuite> <!-- tests.MainPageTest -->
