<?xml version="1.0" encoding="UTF-8"?>
<!-- Generated by org.testng.reporters.JUnitReportReporter -->
<testsuite hostname="FalcoConstantin" name="tests.MainPageTest" tests="2" failures="0" timestamp="5 Nov 2019 16:41:37 GMT" time="28.738" errors="0">
  <testcase name="testLoginPageLogo" time="13.437" classname="tests.MainPageTest"/>
  <testcase name="testLoginPageLogo" time="15.301" classname="tests.MainPageTest"/>
</testsuite> <!-- tests.MainPageTest -->
