<?xml version="1.0" encoding="UTF-8"?>
<!-- Generated by org.testng.reporters.JUnitReportReporter -->
<testsuite skipped="3" hostname="FalcoConstantin" name="tests.MainPageTest" tests="7" failures="0" timestamp="2019-11-17T10:00:47 EET" time="142.255" errors="0">
  <testcase name="mainPageMenuTest_SMOKE" time="25.467" classname="tests.MainPageTest"/>
  <testcase name="mainPageStaysSearchTest_SMOKE" time="15.142" classname="tests.MainPageTest"/>
  <testcase name="mainPageMenuTest_FUNCTIONAL" time="24.100" classname="tests.MainPageTest"/>
  <testcase name="mainPageSearchModuleTest_REGRESSION" time="77.546" classname="tests.MainPageTest"/>
  <testcase name="test" classname="tests.MainPageTest">
    <skipped/>
  </testcase> <!-- test -->
  <testcase name="keys" classname="tests.MainPageTest">
    <skipped/>
  </testcase> <!-- keys -->
  <testcase name="mainPageTest" classname="tests.MainPageTest">
    <skipped/>
  </testcase> <!-- mainPageTest -->
</testsuite> <!-- tests.MainPageTest -->
