<?xml version="1.0" encoding="UTF-8"?>
<!-- Generated by org.testng.reporters.JUnitReportReporter -->
<testsuite hostname="FalcoConstantin" name="tests.MainPageTest" tests="2" failures="0" timestamp="29 Oct 2019 21:03:25 GMT" time="25.786" errors="0">
  <testcase name="testLoginPageLogo" time="13.926" classname="tests.MainPageTest"/>
  <testcase name="testLoginPageLogo" time="11.860" classname="tests.MainPageTest"/>
</testsuite> <!-- tests.MainPageTest -->
