<?xml version="1.0" encoding="UTF-8"?>
<!-- Generated by org.testng.reporters.JUnitReportReporter -->
<testsuite skipped="1" hostname="FalcoConstantin" name="tests.MainPageTest" tests="2" failures="0" timestamp="2019-11-09T13:46:36 EET" time="13.220" errors="0">
  <testcase name="mainMenuTest_SMOKE" time="13.220" classname="tests.MainPageTest"/>
  <testcase name="mainPageTest" classname="tests.MainPageTest">
    <skipped/>
  </testcase> <!-- mainPageTest -->
</testsuite> <!-- tests.MainPageTest -->
