<?xml version="1.0" encoding="UTF-8"?>
<!-- Generated by org.testng.reporters.JUnitReportReporter -->
<testsuite skipped="2" hostname="FalcoConstantin" name="tests.MainPageTest" tests="3" failures="0" timestamp="2019-11-10T09:00:50 EET" time="30.563" errors="0">
  <testcase name="mainPageMenuTest_FUNCTIONAL" time="30.563" classname="tests.MainPageTest"/>
  <testcase name="keys" classname="tests.MainPageTest">
    <skipped/>
  </testcase> <!-- keys -->
  <testcase name="mainPageTest" classname="tests.MainPageTest">
    <skipped/>
  </testcase> <!-- mainPageTest -->
</testsuite> <!-- tests.MainPageTest -->
