<?xml version="1.0" encoding="UTF-8"?>
<!-- Generated by org.testng.reporters.JUnitReportReporter -->
<testsuite skipped="2" hostname="FalcoConstantin" name="tests.MainPageTest" tests="4" failures="0" timestamp="2019-11-09T20:12:18 EET" time="22.897" errors="0">
  <testcase name="mainPageMenuTest_SMOKE" time="10.812" classname="tests.MainPageTest"/>
  <testcase name="mainPageStaysSearchTest_SMOKE" time="12.085" classname="tests.MainPageTest"/>
  <testcase name="keys" classname="tests.MainPageTest">
    <skipped/>
  </testcase> <!-- keys -->
  <testcase name="mainPageTest" classname="tests.MainPageTest">
    <skipped/>
  </testcase> <!-- mainPageTest -->
</testsuite> <!-- tests.MainPageTest -->
