<?xml version="1.0" encoding="UTF-8"?>
<!-- Generated by org.testng.reporters.JUnitReportReporter -->
<testsuite skipped="0" hostname="FalcoConstantin" name="tests.MainPageTest" tests="2" failures="0" timestamp="2020-02-25T21:21:50 EET" time="41.535" errors="0">
  <testcase name="mainPageMenuTestSmoke" time="30.619" classname="tests.MainPageTest"/>
  <testcase name="mainPageStaysSearchTestSmoke" time="10.916" classname="tests.MainPageTest"/>
</testsuite> <!-- tests.MainPageTest -->
