<?xml version="1.0" encoding="UTF-8"?>
<!-- Generated by org.testng.reporters.JUnitReportReporter -->
<testsuite skipped="0" hostname="FalcoConstantin" name="tests.MainPageTest" tests="1" failures="0" timestamp="2019-11-07T23:18:14 EET" time="10.000" errors="0">
  <testcase name="firstTest" time="10.000" classname="tests.MainPageTest"/>
</testsuite> <!-- tests.MainPageTest -->
