<?xml version="1.0" encoding="UTF-8"?>
<!-- Generated by org.testng.reporters.JUnitReportReporter -->
<testsuite skipped="3" hostname="FalcoConstantin" name="tests.MainPageTest" tests="7" failures="0" timestamp="2019-11-17T12:50:46 EET" time="141.396" errors="0">
  <testcase name="mainPageMenuTest_SMOKE" time="25.070" classname="tests.MainPageTest"/>
  <testcase name="mainPageStaysSearchTest_SMOKE" time="8.976" classname="tests.MainPageTest"/>
  <testcase name="mainPageMenuTest_FUNCTIONAL" time="24.755" classname="tests.MainPageTest"/>
  <testcase name="mainPageSearchModuleTest_REGRESSION" time="82.595" classname="tests.MainPageTest"/>
  <testcase name="test" classname="tests.MainPageTest">
    <skipped/>
  </testcase> <!-- test -->
  <testcase name="keys" classname="tests.MainPageTest">
    <skipped/>
  </testcase> <!-- keys -->
  <testcase name="mainPageTest" classname="tests.MainPageTest">
    <skipped/>
  </testcase> <!-- mainPageTest -->
</testsuite> <!-- tests.MainPageTest -->
